<?xml version="1.0" encoding="UTF-8"?>
<!-- Generated by org.testng.reporters.JUnitReportReporter -->
<testsuite hostname="DESKTOP-2BVQLNA" failures="0" tests="4" name="JenkinsRun.JenkinsProgram" time="0.022" errors="0" timestamp="2023-05-11T17:35:47 IST" skipped="0">
  <testcase classname="JenkinsRun.JenkinsProgram" name="startEngine" time="0.014"/>
  <system-out/>
  <testcase classname="JenkinsRun.JenkinsProgram" name="putFirstGear" time="0.002"/>
  <system-out/>
  <testcase classname="JenkinsRun.JenkinsProgram" name="putSecondGear" time="0.005"/>
  <system-out/>
  <testcase classname="JenkinsRun.JenkinsProgram" name="putThirdGear" time="0.001"/>
  <system-out/>
</testsuite> <!-- JenkinsRun.JenkinsProgram -->
